Detecting CXX compiler ABI info failed to compile with the following output:
Change Dir: /Users/ashish.nigam/Downloads/ios/build/iPhoneOS-armv7s/CMakeFiles/CMakeTmp

Run Build Command:"/usr/local/bin/cmakexbuild" "-project" "CMAKE_TRY_COMPILE.xcodeproj" "build" "-target" "cmTryCompileExec3210508358" "-configuration" "Debug"
=== BUILD TARGET cmTryCompileExec3210508358 OF PROJECT CMAKE_TRY_COMPILE WITH CONFIGURATION Debug ===

Check dependencies
target specifies product type 'com.apple.product-type.tool', but there's no such product type for the 'iphoneos' platform

** BUILD FAILED **


The following build commands failed:
	Check dependencies
(1 failure)



Detecting C compiler ABI info failed to compile with the following output:
Change Dir: /Users/ashish.nigam/Downloads/ios/build/iPhoneOS-armv7s/CMakeFiles/CMakeTmp

Run Build Command:"/usr/local/bin/cmakexbuild" "-project" "CMAKE_TRY_COMPILE.xcodeproj" "build" "-target" "cmTryCompileExec3028558457" "-configuration" "Debug"
=== BUILD TARGET cmTryCompileExec3028558457 OF PROJECT CMAKE_TRY_COMPILE WITH CONFIGURATION Debug ===

Check dependencies
target specifies product type 'com.apple.product-type.tool', but there's no such product type for the 'iphoneos' platform

** BUILD FAILED **


The following build commands failed:
	Check dependencies
(1 failure)



Determining if the function fseeko exists failed with the following output:
Change Dir: /Users/ashish.nigam/Downloads/ios/build/iPhoneOS-armv7s/CMakeFiles/CMakeTmp

Run Build Command:"/usr/local/bin/cmakexbuild" "-project" "CMAKE_TRY_COMPILE.xcodeproj" "build" "-target" "cmTryCompileExec3543024115" "-configuration" "Release"
=== BUILD TARGET cmTryCompileExec3543024115 OF PROJECT CMAKE_TRY_COMPILE WITH CONFIGURATION Release ===

Check dependencies
target specifies product type 'com.apple.product-type.tool', but there's no such product type for the 'iphoneos' platform

** BUILD FAILED **


The following build commands failed:
	Check dependencies
(1 failure)


Determining if the include file unistd.h exists failed with the following output:
Change Dir: /Users/ashish.nigam/Downloads/ios/build/iPhoneOS-armv7s/CMakeFiles/CMakeTmp

Run Build Command:"/usr/local/bin/cmakexbuild" "-project" "CMAKE_TRY_COMPILE.xcodeproj" "build" "-target" "cmTryCompileExec484750384" "-configuration" "Release"
=== BUILD TARGET cmTryCompileExec484750384 OF PROJECT CMAKE_TRY_COMPILE WITH CONFIGURATION Release ===

Check dependencies
target specifies product type 'com.apple.product-type.tool', but there's no such product type for the 'iphoneos' platform

** BUILD FAILED **


The following build commands failed:
	Check dependencies
(1 failure)


Determining if the include file sys/types.h exists failed with the following output:
Change Dir: /Users/ashish.nigam/Downloads/ios/build/iPhoneOS-armv7s/CMakeFiles/CMakeTmp

Run Build Command:"/usr/local/bin/cmakexbuild" "-project" "CMAKE_TRY_COMPILE.xcodeproj" "build" "-target" "cmTryCompileExec1705041303" "-configuration" "Release"
=== BUILD TARGET cmTryCompileExec1705041303 OF PROJECT CMAKE_TRY_COMPILE WITH CONFIGURATION Release ===

Check dependencies
target specifies product type 'com.apple.product-type.tool', but there's no such product type for the 'iphoneos' platform

** BUILD FAILED **


The following build commands failed:
	Check dependencies
(1 failure)


Determining if the include file stdint.h exists failed with the following output:
Change Dir: /Users/ashish.nigam/Downloads/ios/build/iPhoneOS-armv7s/CMakeFiles/CMakeTmp

Run Build Command:"/usr/local/bin/cmakexbuild" "-project" "CMAKE_TRY_COMPILE.xcodeproj" "build" "-target" "cmTryCompileExec1210976622" "-configuration" "Release"
=== BUILD TARGET cmTryCompileExec1210976622 OF PROJECT CMAKE_TRY_COMPILE WITH CONFIGURATION Release ===

Check dependencies
target specifies product type 'com.apple.product-type.tool', but there's no such product type for the 'iphoneos' platform

** BUILD FAILED **


The following build commands failed:
	Check dependencies
(1 failure)


Determining if the include file stddef.h exists failed with the following output:
Change Dir: /Users/ashish.nigam/Downloads/ios/build/iPhoneOS-armv7s/CMakeFiles/CMakeTmp

Run Build Command:"/usr/local/bin/cmakexbuild" "-project" "CMAKE_TRY_COMPILE.xcodeproj" "build" "-target" "cmTryCompileExec1347167344" "-configuration" "Release"
=== BUILD TARGET cmTryCompileExec1347167344 OF PROJECT CMAKE_TRY_COMPILE WITH CONFIGURATION Release ===

Check dependencies
target specifies product type 'com.apple.product-type.tool', but there's no such product type for the 'iphoneos' platform

** BUILD FAILED **


The following build commands failed:
	Check dependencies
(1 failure)


Determining size of off64_t failed with the following output:
Change Dir: /Users/ashish.nigam/Downloads/ios/build/iPhoneOS-armv7s/CMakeFiles/CMakeTmp

Run Build Command:"/usr/local/bin/cmakexbuild" "-project" "CMAKE_TRY_COMPILE.xcodeproj" "build" "-target" "cmTryCompileExec877047679" "-configuration" "Release"
=== BUILD TARGET cmTryCompileExec877047679 OF PROJECT CMAKE_TRY_COMPILE WITH CONFIGURATION Release ===

Check dependencies
target specifies product type 'com.apple.product-type.tool', but there's no such product type for the 'iphoneos' platform

** BUILD FAILED **


The following build commands failed:
	Check dependencies
(1 failure)

/Users/ashish.nigam/Downloads/ios/build/iPhoneOS-armv7s/CMakeFiles/CheckTypeSize/OFF64_T.c:


#undef KEY
#if defined(__i386)
# define KEY '_','_','i','3','8','6'
#elif defined(__x86_64)
# define KEY '_','_','x','8','6','_','6','4'
#elif defined(__ppc__)
# define KEY '_','_','p','p','c','_','_'
#elif defined(__ppc64__)
# define KEY '_','_','p','p','c','6','4','_','_'
#endif

#define SIZE (sizeof(off64_t))
char info_size[] =  {'I', 'N', 'F', 'O', ':', 's','i','z','e','[',
  ('0' + ((SIZE / 10000)%10)),
  ('0' + ((SIZE / 1000)%10)),
  ('0' + ((SIZE / 100)%10)),
  ('0' + ((SIZE / 10)%10)),
  ('0' +  (SIZE    % 10)),
  ']',
#ifdef KEY
  ' ','k','e','y','[', KEY, ']',
#endif
  '\0'};

#ifdef __CLASSIC_C__
int main(argc, argv) int argc; char *argv[];
#else
int main(int argc, char *argv[])
#endif
{
  int require = 0;
  require += info_size[argc];
  (void)argv;
  return require;
}


Determining if the include file linux/videodev.h exists failed with the following output:
Change Dir: /Users/ashish.nigam/Downloads/ios/build/iPhoneOS-armv7s/CMakeFiles/CMakeTmp

Run Build Command:"/usr/local/bin/cmakexbuild" "-project" "CMAKE_TRY_COMPILE.xcodeproj" "build" "-target" "cmTryCompileExec1322378566" "-configuration" "Release"
=== BUILD TARGET cmTryCompileExec1322378566 OF PROJECT CMAKE_TRY_COMPILE WITH CONFIGURATION Release ===

Check dependencies
target specifies product type 'com.apple.product-type.tool', but there's no such product type for the 'iphoneos' platform

** BUILD FAILED **


The following build commands failed:
	Check dependencies
(1 failure)


Determining if the include file linux/videodev2.h exists failed with the following output:
Change Dir: /Users/ashish.nigam/Downloads/ios/build/iPhoneOS-armv7s/CMakeFiles/CMakeTmp

Run Build Command:"/usr/local/bin/cmakexbuild" "-project" "CMAKE_TRY_COMPILE.xcodeproj" "build" "-target" "cmTryCompileExec3102156034" "-configuration" "Release"
=== BUILD TARGET cmTryCompileExec3102156034 OF PROJECT CMAKE_TRY_COMPILE WITH CONFIGURATION Release ===

Check dependencies
target specifies product type 'com.apple.product-type.tool', but there's no such product type for the 'iphoneos' platform

** BUILD FAILED **


The following build commands failed:
	Check dependencies
(1 failure)


Determining if the include file sys/videoio.h exists failed with the following output:
Change Dir: /Users/ashish.nigam/Downloads/ios/build/iPhoneOS-armv7s/CMakeFiles/CMakeTmp

Run Build Command:"/usr/local/bin/cmakexbuild" "-project" "CMAKE_TRY_COMPILE.xcodeproj" "build" "-target" "cmTryCompileExec1955344897" "-configuration" "Release"
=== BUILD TARGET cmTryCompileExec1955344897 OF PROJECT CMAKE_TRY_COMPILE WITH CONFIGURATION Release ===

Check dependencies
target specifies product type 'com.apple.product-type.tool', but there's no such product type for the 'iphoneos' platform

** BUILD FAILED **


The following build commands failed:
	Check dependencies
(1 failure)


