Detecting CXX compiler ABI info failed to compile with the following output:
Change Dir: /Users/ashish.nigam/Downloads/ios/build/iPhoneSimulator-x86_64/CMakeFiles/CMakeTmp

Run Build Command:"/usr/local/bin/cmakexbuild" "-project" "CMAKE_TRY_COMPILE.xcodeproj" "build" "-target" "cmTryCompileExec1773986109" "-configuration" "Debug"
=== BUILD TARGET cmTryCompileExec1773986109 OF PROJECT CMAKE_TRY_COMPILE WITH CONFIGURATION Debug ===

Check dependencies
target specifies product type 'com.apple.product-type.tool', but there's no such product type for the 'iphonesimulator' platform

** BUILD FAILED **


The following build commands failed:
	Check dependencies
(1 failure)



Detecting C compiler ABI info failed to compile with the following output:
Change Dir: /Users/ashish.nigam/Downloads/ios/build/iPhoneSimulator-x86_64/CMakeFiles/CMakeTmp

Run Build Command:"/usr/local/bin/cmakexbuild" "-project" "CMAKE_TRY_COMPILE.xcodeproj" "build" "-target" "cmTryCompileExec1884570075" "-configuration" "Debug"
=== BUILD TARGET cmTryCompileExec1884570075 OF PROJECT CMAKE_TRY_COMPILE WITH CONFIGURATION Debug ===

Check dependencies
target specifies product type 'com.apple.product-type.tool', but there's no such product type for the 'iphonesimulator' platform

** BUILD FAILED **


The following build commands failed:
	Check dependencies
(1 failure)



Determining if the function fseeko exists failed with the following output:
Change Dir: /Users/ashish.nigam/Downloads/ios/build/iPhoneSimulator-x86_64/CMakeFiles/CMakeTmp

Run Build Command:"/usr/local/bin/cmakexbuild" "-project" "CMAKE_TRY_COMPILE.xcodeproj" "build" "-target" "cmTryCompileExec1308015584" "-configuration" "Release"
=== BUILD TARGET cmTryCompileExec1308015584 OF PROJECT CMAKE_TRY_COMPILE WITH CONFIGURATION Release ===

Check dependencies
target specifies product type 'com.apple.product-type.tool', but there's no such product type for the 'iphonesimulator' platform

** BUILD FAILED **


The following build commands failed:
	Check dependencies
(1 failure)


Determining if the include file unistd.h exists failed with the following output:
Change Dir: /Users/ashish.nigam/Downloads/ios/build/iPhoneSimulator-x86_64/CMakeFiles/CMakeTmp

Run Build Command:"/usr/local/bin/cmakexbuild" "-project" "CMAKE_TRY_COMPILE.xcodeproj" "build" "-target" "cmTryCompileExec1316548089" "-configuration" "Release"
=== BUILD TARGET cmTryCompileExec1316548089 OF PROJECT CMAKE_TRY_COMPILE WITH CONFIGURATION Release ===

Check dependencies
target specifies product type 'com.apple.product-type.tool', but there's no such product type for the 'iphonesimulator' platform

** BUILD FAILED **


The following build commands failed:
	Check dependencies
(1 failure)


Determining if the include file sys/types.h exists failed with the following output:
Change Dir: /Users/ashish.nigam/Downloads/ios/build/iPhoneSimulator-x86_64/CMakeFiles/CMakeTmp

Run Build Command:"/usr/local/bin/cmakexbuild" "-project" "CMAKE_TRY_COMPILE.xcodeproj" "build" "-target" "cmTryCompileExec496862259" "-configuration" "Release"
=== BUILD TARGET cmTryCompileExec496862259 OF PROJECT CMAKE_TRY_COMPILE WITH CONFIGURATION Release ===

Check dependencies
target specifies product type 'com.apple.product-type.tool', but there's no such product type for the 'iphonesimulator' platform

** BUILD FAILED **


The following build commands failed:
	Check dependencies
(1 failure)


Determining if the include file stdint.h exists failed with the following output:
Change Dir: /Users/ashish.nigam/Downloads/ios/build/iPhoneSimulator-x86_64/CMakeFiles/CMakeTmp

Run Build Command:"/usr/local/bin/cmakexbuild" "-project" "CMAKE_TRY_COMPILE.xcodeproj" "build" "-target" "cmTryCompileExec4001326323" "-configuration" "Release"
=== BUILD TARGET cmTryCompileExec4001326323 OF PROJECT CMAKE_TRY_COMPILE WITH CONFIGURATION Release ===

Check dependencies
target specifies product type 'com.apple.product-type.tool', but there's no such product type for the 'iphonesimulator' platform

** BUILD FAILED **


The following build commands failed:
	Check dependencies
(1 failure)


Determining if the include file stddef.h exists failed with the following output:
Change Dir: /Users/ashish.nigam/Downloads/ios/build/iPhoneSimulator-x86_64/CMakeFiles/CMakeTmp

Run Build Command:"/usr/local/bin/cmakexbuild" "-project" "CMAKE_TRY_COMPILE.xcodeproj" "build" "-target" "cmTryCompileExec2855040943" "-configuration" "Release"
=== BUILD TARGET cmTryCompileExec2855040943 OF PROJECT CMAKE_TRY_COMPILE WITH CONFIGURATION Release ===

Check dependencies
target specifies product type 'com.apple.product-type.tool', but there's no such product type for the 'iphonesimulator' platform

** BUILD FAILED **


The following build commands failed:
	Check dependencies
(1 failure)


Determining size of off64_t failed with the following output:
Change Dir: /Users/ashish.nigam/Downloads/ios/build/iPhoneSimulator-x86_64/CMakeFiles/CMakeTmp

Run Build Command:"/usr/local/bin/cmakexbuild" "-project" "CMAKE_TRY_COMPILE.xcodeproj" "build" "-target" "cmTryCompileExec1832040907" "-configuration" "Release"
=== BUILD TARGET cmTryCompileExec1832040907 OF PROJECT CMAKE_TRY_COMPILE WITH CONFIGURATION Release ===

Check dependencies
target specifies product type 'com.apple.product-type.tool', but there's no such product type for the 'iphonesimulator' platform

** BUILD FAILED **


The following build commands failed:
	Check dependencies
(1 failure)

/Users/ashish.nigam/Downloads/ios/build/iPhoneSimulator-x86_64/CMakeFiles/CheckTypeSize/OFF64_T.c:


#undef KEY
#if defined(__i386)
# define KEY '_','_','i','3','8','6'
#elif defined(__x86_64)
# define KEY '_','_','x','8','6','_','6','4'
#elif defined(__ppc__)
# define KEY '_','_','p','p','c','_','_'
#elif defined(__ppc64__)
# define KEY '_','_','p','p','c','6','4','_','_'
#endif

#define SIZE (sizeof(off64_t))
char info_size[] =  {'I', 'N', 'F', 'O', ':', 's','i','z','e','[',
  ('0' + ((SIZE / 10000)%10)),
  ('0' + ((SIZE / 1000)%10)),
  ('0' + ((SIZE / 100)%10)),
  ('0' + ((SIZE / 10)%10)),
  ('0' +  (SIZE    % 10)),
  ']',
#ifdef KEY
  ' ','k','e','y','[', KEY, ']',
#endif
  '\0'};

#ifdef __CLASSIC_C__
int main(argc, argv) int argc; char *argv[];
#else
int main(int argc, char *argv[])
#endif
{
  int require = 0;
  require += info_size[argc];
  (void)argv;
  return require;
}


Determining if the include file linux/videodev.h exists failed with the following output:
Change Dir: /Users/ashish.nigam/Downloads/ios/build/iPhoneSimulator-x86_64/CMakeFiles/CMakeTmp

Run Build Command:"/usr/local/bin/cmakexbuild" "-project" "CMAKE_TRY_COMPILE.xcodeproj" "build" "-target" "cmTryCompileExec3234564704" "-configuration" "Release"
=== BUILD TARGET cmTryCompileExec3234564704 OF PROJECT CMAKE_TRY_COMPILE WITH CONFIGURATION Release ===

Check dependencies
target specifies product type 'com.apple.product-type.tool', but there's no such product type for the 'iphonesimulator' platform

** BUILD FAILED **


The following build commands failed:
	Check dependencies
(1 failure)


Determining if the include file linux/videodev2.h exists failed with the following output:
Change Dir: /Users/ashish.nigam/Downloads/ios/build/iPhoneSimulator-x86_64/CMakeFiles/CMakeTmp

Run Build Command:"/usr/local/bin/cmakexbuild" "-project" "CMAKE_TRY_COMPILE.xcodeproj" "build" "-target" "cmTryCompileExec1811034341" "-configuration" "Release"
=== BUILD TARGET cmTryCompileExec1811034341 OF PROJECT CMAKE_TRY_COMPILE WITH CONFIGURATION Release ===

Check dependencies
target specifies product type 'com.apple.product-type.tool', but there's no such product type for the 'iphonesimulator' platform

** BUILD FAILED **


The following build commands failed:
	Check dependencies
(1 failure)


Determining if the include file sys/videoio.h exists failed with the following output:
Change Dir: /Users/ashish.nigam/Downloads/ios/build/iPhoneSimulator-x86_64/CMakeFiles/CMakeTmp

Run Build Command:"/usr/local/bin/cmakexbuild" "-project" "CMAKE_TRY_COMPILE.xcodeproj" "build" "-target" "cmTryCompileExec3795580958" "-configuration" "Release"
=== BUILD TARGET cmTryCompileExec3795580958 OF PROJECT CMAKE_TRY_COMPILE WITH CONFIGURATION Release ===

Check dependencies
target specifies product type 'com.apple.product-type.tool', but there's no such product type for the 'iphonesimulator' platform

** BUILD FAILED **


The following build commands failed:
	Check dependencies
(1 failure)


